

> demo@0.1.0 build /Users/madhavjangid/Downloads/Shubham Work/liveavatar-web-sdk/apps/demo
> next build

   [1m[38;2;173;127;168m▲ Next.js 15.4.2[39m[22m

 [37m[1m [22m[39m Creating an optimized production build ...
 [32m[1m✓[22m[39m Compiled successfully in 0ms
[?25l [37m[1m [22m[39m Linting and checking validity of types  [36m.[39m[2K[1G [37m[1m [22m[39m Linting and checking validity of types  [36m..[39m[2K[1G [37m[1m [22m[39m Linting and checking validity of types  [36m...[39m[2K[1G [37m[1m [22m[39m Linting and checking validity of types  [36m.[39m[2K[1G [37m[1m [22m[39m Linting and checking validity of types  [36m..[39m[2K[1G[?25h
./app/api/get-livekit-token/route.ts
11:28  Warning: 'request' is defined but never used.  @typescript-eslint/no-unused-vars

./app/livekit-test/page.tsx
3:10  Warning: 'useEffect' is defined but never used.  @typescript-eslint/no-unused-vars
5:41  Warning: 'RemoteVideoTrack' is defined but never used.  @typescript-eslint/no-unused-vars
5:59  Warning: 'RemoteAudioTrack' is defined but never used.  @typescript-eslint/no-unused-vars
34:59  Warning: 'publication' is defined but never used.  @typescript-eslint/no-unused-vars
34:72  Warning: 'participant' is defined but never used.  @typescript-eslint/no-unused-vars

info  - Need to disable some ESLint rules? Learn more here: https://nextjs.org/docs/app/api-reference/config/eslint#disabling-rules
[?25l [36m.[39m Failed to compile.

./app/livekit-test/page.tsx:5:83
Type error: Cannot find module 'livekit-client' or its corresponding type declarations.

[0m [90m 3 |[39m [36mimport[39m { useEffect[33m,[39m useRef[33m,[39m useState } [36mfrom[39m [32m"react"[39m[33m;[39m
 [90m 4 |[39m [90m// We are using livekit-client DIRECTLY here, bypassing the HeyGen SDK wrapper[39m
[31m[1m>[22m[39m[90m 5 |[39m [36mimport[39m { [33mRoom[39m[33m,[39m [33mRoomEvent[39m[33m,[39m [33mVideoPresets[39m[33m,[39m [33mRemoteVideoTrack[39m[33m,[39m [33mRemoteAudioTrack[39m } [36mfrom[39m [32m"livekit-client"[39m[33m;[39m
 [90m   |[39m                                                                                   [31m[1m^[22m[39m
 [90m 6 |[39m
 [90m 7 |[39m [36mexport[39m [36mdefault[39m [36mfunction[39m [33mLiveKitDirectPage[39m() {
 [90m 8 |[39m     [36mconst[39m videoRef [33m=[39m useRef[33m<[39m[33mHTMLVideoElement[39m[33m>[39m([36mnull[39m)[33m;[39m[0m
[2K[1G[?25hNext.js build worker exited with code: 1 and signal: null
[?25l [36m.[39m [?25h[41m[30m ELIFECYCLE [39m[49m [31mCommand failed with exit code 1.[39m
